<?xml version="1.0" encoding="utf-8"?><testsuites name="pytest tests"><testsuite name="pytest" errors="0" failures="0" skipped="0" tests="78" time="61.856" timestamp="2026-06-18T11:10:49.173538+05:30" hostname="LM-BGL-41514170"><testcase classname="tests.test_calibration_track" name="test_prequential_runner_returns_finite_estimates_for_all_candidates" time="0.002" /><testcase classname="tests.test_calibration_track" name="test_baselines_return_float_and_pooled_converges_on_flat_pace" time="0.000" /><testcase classname="tests.test_calibration_track" name="test_a4_kalman_calibration_candidate_runs_on_fixture" time="0.000" /><testcase classname="tests.test_calibration_track" name="test_infer_day_of_week_is_deterministic_for_known_timestamps" time="0.000" /><testcase classname="tests.test_calibration_track" name="test_covariate_bayes_recovers_planted_bucket_multipliers" time="0.000" /><testcase classname="tests.test_calibration_track" name="test_covariate_bayes_uses_neutral_prior_for_unsupported_context_effects" time="0.000" /><testcase classname="tests.test_calibration_track" name="test_covariate_predict_next_applies_upcoming_context_multipliers" time="0.000" /><testcase classname="tests.test_calibration_track" name="test_context_prediction_rewards_planted_context_structure" time="0.008" /><testcase classname="tests.test_calibration_track" name="test_eb_partial_pool_beats_pooled_on_structured_small_band_fixture" time="0.000" /><testcase classname="tests.test_calibration_track" name="test_paired_difference_recovers_delta_p_value_and_effect_sign" time="0.000" /><testcase classname="tests.test_calibration_track" name="test_winner_per_band_chooses_lower_error_candidate" time="0.000" /><testcase classname="tests.test_calibration_track" name="test_tracer_bullet_dataset_compare_figs_produces_artifacts_in_temp_workspace" time="0.264" /><testcase classname="tests.test_calibration_track" name="test_a3_calibration_result_carries_ci_correction_and_heldout_split" time="0.034" /><testcase classname="tests.test_closed_loop" name="test_closed_loop_run_regenerates_when_shift_is_detected" time="0.001" /><testcase classname="tests.test_closed_loop" name="test_open_loop_run_leaves_plan_unchanged" time="0.000" /><testcase classname="tests.test_closed_loop" name="test_closed_vs_open_metrics_include_adherence_and_finish_drift" time="0.001" /><testcase classname="tests.test_closed_loop" name="test_closed_loop_artifacts_do_not_leak_to_phase_i_report_outputs" time="0.001" /><testcase classname="tests.test_detection_track" name="test_cusum_detects_planted_step_with_finite_latency" time="0.000" /><testcase classname="tests.test_detection_track" name="test_drift_detection_is_recorded_under_drift_type" time="0.000" /><testcase classname="tests.test_detection_track" name="test_runner_reports_latency_separately_for_step_and_drift" time="0.089" /><testcase classname="tests.test_detection_track" name="test_a4_detection_candidates_and_upper_bound_shape_on_fixture" time="0.003" /><testcase classname="tests.test_detection_track" name="test_a4_pareto_frontier_is_monotone_and_upper_bounds_do_not_win" time="0.000" /><testcase classname="tests.test_detection_track" name="test_a4_cusum_tuning_uses_train_archetype_only" time="0.000" /><testcase classname="tests.test_detection_track" name="test_roc_points_are_bounded_and_monotone_by_threshold_order" time="0.000" /><testcase classname="tests.test_detection_track" name="test_a3_detection_result_carries_ci_correction_and_heldout_split" time="0.028" /><testcase classname="tests.test_generator" name="test_generate_learner_emits_session_event_shape" time="0.001" /><testcase classname="tests.test_generator" name="test_generate_learner_is_deterministic_by_seed" time="0.002" /><testcase classname="tests.test_generator" name="test_oracle_recovers_planted_pace_for_steady_learner" time="0.002" /><testcase classname="tests.test_generator" name="test_shift_labels_match_band_schedule" time="0.004" /><testcase classname="tests.test_generator" name="test_clip_rate_under_two_percent_for_each_archetype" time="0.010" /><testcase classname="tests.test_generator" name="test_generate_dataset_writes_manifest_sidecar_and_face_validity" time="0.030" /><testcase classname="tests.test_kt_join" name="test_folds_schema" time="0.002" /><testcase classname="tests.test_kt_join" name="test_sequences_sidecar_schema" time="0.056" /><testcase classname="tests.test_kt_join" name="test_pybkt_skill_space_matches_registry_policy" time="1.214" /><testcase classname="tests.test_kt_join" name="test_accoding_subsample_provenance_matches_sampling_policy" time="0.059" /><testcase classname="tests.test_kt_join" name="test_accoding_log_schema_fixture" time="0.004" /><testcase classname="tests.test_kt_join" name="test_accoding_log_schema_if_landed" time="0.004" /><testcase classname="tests.test_kt_join" name="test_join_reports_missing_cells_as_gaps" time="0.006" /><testcase classname="tests.test_kt_join" name="test_join_default_grid_has_accoding_and_can_be_gap_free" time="0.169" /><testcase classname="tests.test_kt_join" name="test_join_expected_pairs_avoids_allowlist_cross_product" time="0.024" /><testcase classname="tests.test_kt_join" name="test_write_joined_artifacts_defaults_to_credible_allowlist" time="0.129" /><testcase classname="tests.test_kt_join" name="test_model_registry_has_no_silent_aliases_and_allowlist_is_registered" time="0.000" /><testcase classname="tests.test_kt_join" name="test_allowlist_candidates_have_public_raw_matching_provenance" time="0.093" /><testcase classname="tests.test_kt_join" name="test_no_smoke_in_reportable" time="0.780" /><testcase classname="tests.test_kt_join" name="test_allowlist_candidates_record_reproducibility_config" time="0.033" /><testcase classname="tests.test_kt_join" name="test_allowlist_candidates_auc_above_chance_floor" time="0.006" /><testcase classname="tests.test_kt_join" name="test_allowlist_candidates_coldstart_curve_is_sane" time="0.024" /><testcase classname="tests.test_kt_join" name="test_join_boundary_does_not_import_torch_or_pykt" time="0.826" /><testcase classname="tests.test_kt_join" name="test_expected_calibration_error_matches_hand_computed_value" time="0.000" /><testcase classname="tests.test_oracles_and_sweep" name="test_oracles_separate_from_candidate_field_on_fixture_tracks" time="0.011" /><testcase classname="tests.test_oracles_and_sweep" name="test_sweep_runner_visits_every_grid_point_and_records_ranking" time="0.000" /><testcase classname="tests.test_oracles_and_sweep" name="test_a4_default_sweep_has_five_points_per_axis_and_adversarial_cases" time="0.001" /><testcase classname="tests.test_oracles_and_sweep" name="test_stable_ranking_is_reported_as_held" time="0.000" /><testcase classname="tests.test_oracles_and_sweep" name="test_a4_flip_cells_and_per_archetype_worst_case_are_reported" time="0.000" /><testcase classname="tests.test_progress_logging" name="test_visible_python_entrypoints_emit_progress_logs" time="2.334" /><testcase classname="tests.test_projection_track" name="test_gp_forecast_contains_true_finish_date_on_low_noise_learner" time="0.001" /><testcase classname="tests.test_projection_track" name="test_linear_baseline_interval_is_discriminating_not_fixed_to_nominal" time="0.000" /><testcase classname="tests.test_projection_track" name="test_kalman_forecast_handles_negative_early_trend_without_date_overflow" time="0.000" /><testcase classname="tests.test_projection_track" name="test_projection_runner_reports_coverage_sharpness_and_error" time="0.005" /><testcase classname="tests.test_projection_track" name="test_a1_projection_candidates_are_registered_without_removing_gp_incumbent" time="0.000" /><testcase classname="tests.test_projection_track" name="test_conformal_quantile_math_matches_finite_sample_rank" time="0.000" /><testcase classname="tests.test_projection_track" name="test_default_gp_path_matches_explicit_gaussian_no_ar1" time="0.000" /><testcase classname="tests.test_projection_track" name="test_a3_projection_result_carries_ci_correction_and_heldout_split" time="0.879" /><testcase classname="tests.test_projection_track" name="test_across_learner_conformal_noisy_fixture_covers_medium_and_max" time="53.627" /><testcase classname="tests.test_rigour" name="test_bootstrap_delta_ci_brackets_known_mean" time="0.000" /><testcase classname="tests.test_rigour" name="test_multiple_comparison_masks_match_hand_computed_vector" time="0.000" /><testcase classname="tests.test_rigour" name="test_heldout_archetype_split_is_deterministic_and_disjoint" time="0.000" /><testcase classname="tests.test_scaffold" name="test_engines_importable" time="0.000" /><testcase classname="tests.test_scaffold" name="test_params_hash_stable_and_prereg_found" time="0.000" /><testcase classname="tests.test_scaffold" name="test_stamp_attaches_provenance" time="0.000" /><testcase classname="tests.test_scheduling_track" name="test_generate_roadmap_runs_on_two_material_scenario" time="0.000" /><testcase classname="tests.test_scheduling_track" name="test_a4_greedy_prereq_tweak_restores_role_order_on_reversed_mix" time="0.000" /><testcase classname="tests.test_scheduling_track" name="test_a4_scheduling_candidates_include_new_deployables_and_optional_cpsat" time="0.000" /><testcase classname="tests.test_scheduling_track" name="test_capacity_violation_metric_detects_over_capacity_plan" time="0.000" /><testcase classname="tests.test_scheduling_track" name="test_prereq_order_metric_flags_practice_before_anchor" time="0.000" /><testcase classname="tests.test_scheduling_track" name="test_runner_records_gen_time_and_material_mix" time="0.000" /><testcase classname="tests.test_scheduling_track" name="test_a4_scheduling_rows_shape_and_upper_bounds_excluded_from_winner" time="0.000" /><testcase classname="tests.test_scheduling_track" name="test_a3_scheduling_result_carries_ci_correction_and_heldout_split" time="0.013" /></testsuite></testsuites>